2020-10-27 16:11:20 - retail_live - INFO - set_up_log: Log configured
2020-10-27 16:11:20 - retail_live - INFO - Search: Initiating new search for 'beer' on website https://www.walmart.com/ - max attempts limited to 3
2020-10-27 16:11:20 - retail_live - INFO - open_website: Opening website https://www.walmart.com/ - attempt # 1
2020-10-27 16:11:28 - retail_live - INFO - open_website: Successfully opened https://www.walmart.com/
2020-10-27 16:11:33 - retail_live - INFO - execute_search: Submitting search for 'beer'
2020-10-27 16:11:48 - retail_live - INFO - check_if_category_page: Checking if search item 'beer' is a sub-category
2020-10-27 16:11:48 - retail_live - INFO - check_if_category_page: Category Page check for 'beer' successful
2020-10-27 16:11:53 - retail_live - INFO - get_number_of_results_pages: Finding number of result pages for 'beer'
2020-10-27 16:11:53 - retail_live - INFO - execute_search: Found 25 results pages for 'beer'
2020-10-27 16:11:53 - retail_live - INFO - save_this_webpage_product_data: Capturing data - page 1 of 25
2020-10-27 16:11:54 - retail_live.webpage_log - INFO - create_log: Creating new log
2020-10-27 16:11:54 - retail_live.webpage_log - INFO - get_product_data: Capturing product data for current webpage
2020-10-27 16:11:54 - retail_live - INFO - save_this_webpage_product_data:Captured data page:1 of 25
2020-10-27 16:11:58 - retail_live - INFO - save_this_webpage_product_data: Capturing data - page 2 of 25
2020-10-27 16:11:59 - retail_live.webpage_log - INFO - create_log: Creating new log
2020-10-27 16:11:59 - retail_live.webpage_log - INFO - get_product_data: Capturing product data for current webpage
2020-10-27 16:11:59 - retail_live - INFO - save_this_webpage_product_data:Captured data page:2 of 25
2020-10-27 16:12:03 - retail_live - INFO - save_this_webpage_product_data: Capturing data - page 3 of 25
2020-10-27 16:12:04 - retail_live.webpage_log - INFO - create_log: Creating new log
2020-10-27 16:12:04 - retail_live.webpage_log - INFO - get_product_data: Capturing product data for current webpage
2020-10-27 16:12:04 - retail_live - INFO - save_this_webpage_product_data:Captured data page:3 of 25
2020-10-27 16:12:08 - retail_live - INFO - save_this_webpage_product_data: Capturing data - page 4 of 25
2020-10-27 16:12:09 - retail_live.webpage_log - INFO - create_log: Creating new log
2020-10-27 16:12:09 - retail_live.webpage_log - INFO - get_product_data: Capturing product data for current webpage
2020-10-27 16:12:09 - retail_live - INFO - save_this_webpage_product_data:Captured data page:4 of 25
2020-10-27 16:12:12 - retail_live - INFO - save_this_webpage_product_data: Capturing data - page 5 of 25
2020-10-27 16:12:14 - retail_live.webpage_log - INFO - create_log: Creating new log
2020-10-27 16:12:14 - retail_live.webpage_log - INFO - get_product_data: Capturing product data for current webpage
2020-10-27 16:12:14 - retail_live - INFO - save_this_webpage_product_data:Captured data page:5 of 25
2020-10-27 16:12:17 - retail_live - INFO - save_this_webpage_product_data: Capturing data - page 6 of 25
2020-10-27 16:12:18 - retail_live.webpage_log - INFO - create_log: Creating new log
2020-10-27 16:12:18 - retail_live.webpage_log - INFO - get_product_data: Capturing product data for current webpage
2020-10-27 16:12:18 - retail_live - INFO - save_this_webpage_product_data:Captured data page:6 of 25
2020-10-27 16:12:22 - retail_live - INFO - save_this_webpage_product_data: Capturing data - page 7 of 25
2020-10-27 16:12:23 - retail_live.webpage_log - INFO - create_log: Creating new log
2020-10-27 16:12:23 - retail_live.webpage_log - INFO - get_product_data: Capturing product data for current webpage
2020-10-27 16:12:23 - retail_live - INFO - save_this_webpage_product_data:Captured data page:7 of 25
2020-10-27 16:12:27 - retail_live - INFO - save_this_webpage_product_data: Capturing data - page 8 of 25
2020-10-27 16:12:28 - retail_live.webpage_log - INFO - create_log: Creating new log
2020-10-27 16:12:28 - retail_live.webpage_log - INFO - get_product_data: Capturing product data for current webpage
2020-10-27 16:12:28 - retail_live - INFO - save_this_webpage_product_data:Captured data page:8 of 25
2020-10-27 16:12:31 - retail_live - INFO - save_this_webpage_product_data: Capturing data - page 9 of 25
2020-10-27 16:12:32 - retail_live.webpage_log - INFO - create_log: Creating new log
2020-10-27 16:12:32 - retail_live.webpage_log - INFO - get_product_data: Capturing product data for current webpage
2020-10-27 16:12:32 - retail_live - INFO - save_this_webpage_product_data:Captured data page:9 of 25
2020-10-27 16:12:36 - retail_live - INFO - save_this_webpage_product_data: Capturing data - page 10 of 25
2020-10-27 16:12:37 - retail_live.webpage_log - INFO - create_log: Creating new log
2020-10-27 16:12:37 - retail_live.webpage_log - INFO - get_product_data: Capturing product data for current webpage
2020-10-27 16:12:37 - retail_live - INFO - save_this_webpage_product_data:Captured data page:10 of 25
2020-10-27 16:12:41 - retail_live - INFO - save_this_webpage_product_data: Capturing data - page 11 of 25
2020-10-27 16:12:42 - retail_live.webpage_log - INFO - create_log: Creating new log
2020-10-27 16:12:42 - retail_live.webpage_log - INFO - get_product_data: Capturing product data for current webpage
2020-10-27 16:12:42 - retail_live - INFO - save_this_webpage_product_data:Captured data page:11 of 25
2020-10-27 16:12:45 - retail_live - INFO - save_this_webpage_product_data: Capturing data - page 12 of 25
2020-10-27 16:12:46 - retail_live.webpage_log - INFO - create_log: Creating new log
2020-10-27 16:12:46 - retail_live.webpage_log - INFO - get_product_data: Capturing product data for current webpage
2020-10-27 16:12:46 - retail_live - INFO - save_this_webpage_product_data:Captured data page:12 of 25
2020-10-27 16:12:50 - retail_live - INFO - save_this_webpage_product_data: Capturing data - page 13 of 25
2020-10-27 16:12:51 - retail_live.webpage_log - INFO - create_log: Creating new log
2020-10-27 16:12:51 - retail_live.webpage_log - INFO - get_product_data: Capturing product data for current webpage
2020-10-27 16:12:52 - retail_live - INFO - save_this_webpage_product_data:Captured data page:13 of 25
2020-10-27 16:12:55 - retail_live - INFO - save_this_webpage_product_data: Capturing data - page 14 of 25
2020-10-27 16:12:56 - retail_live.webpage_log - INFO - create_log: Creating new log
2020-10-27 16:12:56 - retail_live.webpage_log - INFO - get_product_data: Capturing product data for current webpage
2020-10-27 16:12:56 - retail_live - INFO - save_this_webpage_product_data:Captured data page:14 of 25
2020-10-27 16:13:00 - retail_live - INFO - save_this_webpage_product_data: Capturing data - page 15 of 25
2020-10-27 16:13:01 - retail_live.webpage_log - INFO - create_log: Creating new log
2020-10-27 16:13:01 - retail_live.webpage_log - INFO - get_product_data: Capturing product data for current webpage
2020-10-27 16:13:01 - retail_live - INFO - save_this_webpage_product_data:Captured data page:15 of 25
2020-10-27 16:13:04 - retail_live - INFO - save_this_webpage_product_data: Capturing data - page 16 of 25
2020-10-27 16:13:06 - retail_live.webpage_log - INFO - create_log: Creating new log
2020-10-27 16:13:06 - retail_live.webpage_log - INFO - get_product_data: Capturing product data for current webpage
2020-10-27 16:13:06 - retail_live - INFO - save_this_webpage_product_data:Captured data page:16 of 25
2020-10-27 16:13:09 - retail_live - INFO - save_this_webpage_product_data: Capturing data - page 17 of 25
2020-10-27 16:13:11 - retail_live.webpage_log - INFO - create_log: Creating new log
2020-10-27 16:13:11 - retail_live.webpage_log - INFO - get_product_data: Capturing product data for current webpage
2020-10-27 16:13:11 - retail_live - INFO - save_this_webpage_product_data:Captured data page:17 of 25
2020-10-27 16:13:15 - retail_live - INFO - save_this_webpage_product_data: Capturing data - page 18 of 25
2020-10-27 16:13:16 - retail_live.webpage_log - INFO - create_log: Creating new log
2020-10-27 16:13:16 - retail_live.webpage_log - INFO - get_product_data: Capturing product data for current webpage
2020-10-27 16:13:16 - retail_live - INFO - save_this_webpage_product_data:Captured data page:18 of 25
2020-10-27 16:13:20 - retail_live - INFO - save_this_webpage_product_data: Capturing data - page 19 of 25
2020-10-27 16:13:21 - retail_live.webpage_log - INFO - create_log: Creating new log
2020-10-27 16:13:21 - retail_live.webpage_log - INFO - get_product_data: Capturing product data for current webpage
2020-10-27 16:13:21 - retail_live - INFO - save_this_webpage_product_data:Captured data page:19 of 25
2020-10-27 16:13:24 - retail_live - INFO - save_this_webpage_product_data: Capturing data - page 20 of 25
2020-10-27 16:13:25 - retail_live.webpage_log - INFO - create_log: Creating new log
2020-10-27 16:13:25 - retail_live.webpage_log - INFO - get_product_data: Capturing product data for current webpage
2020-10-27 16:13:25 - retail_live - INFO - save_this_webpage_product_data:Captured data page:20 of 25
2020-10-27 16:13:29 - retail_live - INFO - save_this_webpage_product_data: Capturing data - page 21 of 25
2020-10-27 16:13:30 - retail_live.webpage_log - INFO - create_log: Creating new log
2020-10-27 16:13:30 - retail_live.webpage_log - INFO - get_product_data: Capturing product data for current webpage
2020-10-27 16:13:30 - retail_live - INFO - save_this_webpage_product_data:Captured data page:21 of 25
2020-10-27 16:13:34 - retail_live - INFO - save_this_webpage_product_data: Capturing data - page 22 of 25
2020-10-27 16:13:35 - retail_live.webpage_log - INFO - create_log: Creating new log
2020-10-27 16:13:35 - retail_live.webpage_log - INFO - get_product_data: Capturing product data for current webpage
2020-10-27 16:13:35 - retail_live - INFO - save_this_webpage_product_data:Captured data page:22 of 25
2020-10-27 16:13:39 - retail_live - INFO - save_this_webpage_product_data: Capturing data - page 23 of 25
2020-10-27 16:13:40 - retail_live.webpage_log - INFO - create_log: Creating new log
2020-10-27 16:13:40 - retail_live.webpage_log - INFO - get_product_data: Capturing product data for current webpage
2020-10-27 16:13:41 - retail_live - INFO - save_this_webpage_product_data:Captured data page:23 of 25
2020-10-27 16:13:44 - retail_live - INFO - save_this_webpage_product_data: Capturing data - page 24 of 25
2020-10-27 16:13:45 - retail_live.webpage_log - INFO - create_log: Creating new log
2020-10-27 16:13:45 - retail_live.webpage_log - INFO - get_product_data: Capturing product data for current webpage
2020-10-27 16:13:45 - retail_live - INFO - save_this_webpage_product_data:Captured data page:24 of 25
2020-10-27 16:13:49 - retail_live - INFO - save_this_webpage_product_data: Capturing data - page 25 of 25
2020-10-27 16:13:50 - retail_live.webpage_log - INFO - create_log: Creating new log
2020-10-27 16:13:50 - retail_live.webpage_log - INFO - get_product_data: Capturing product data for current webpage
2020-10-27 16:13:50 - retail_live - INFO - save_this_webpage_product_data:Captured data page:25 of 25
2020-10-27 16:13:50 - retail_live - INFO - save_search_results: Saving details
2020-10-27 16:13:50 - retail_live - INFO - flag_duplicate_products: Flagging duplicates
2020-10-27 16:13:50 - retail_live - INFO - create_output: Writing output file - 1000 product(s) created for search term 'beer'
2020-10-27 16:13:50 - retail_live - INFO - End
2020-10-27 16:13:50 - retail_live - INFO - log_remove_handlers: Removing all existing log handlers
