2020-11-05 20:40:58 - scrape - INFO - ################ starting app ################
2020-11-05 20:40:58 - scrape.execute_all_searches - INFO - starting searches:search_terms=coke
2020-11-05 20:40:58 - scrape.execute_a_search_coke - INFO - starting a search
2020-11-05 20:40:58 - scrape.search.coke - INFO - save_products: concat products
2020-11-05 20:40:58 - scrape.search.coke - INFO - flag_duplicate_products: Flagging duplicates
2020-11-05 20:40:58 - scrape.execute_a_search_coke - INFO - execute_a_search: Writing output file - 2 product(s) created for search term 'coke'
2020-11-05 20:40:58 - scrape.execute_a_search_coke - INFO - End
2020-11-05 20:40:59 - scrape.create_invoices - INFO - starting creating invoices
2020-11-05 20:40:59 - scrape.create_invoices - INFO - product_indexes=[0, 1]
2020-11-05 20:40:59 - scrape.create_invoices - INFO - line 1: 638713:2:2020-11-05
2020-11-05 20:40:59 - scrape.create_invoices - INFO - line 2: 638713:2:2020-11-05
2020-11-05 20:40:59 - scrape.create_invoices - INFO - line 2: <class 'float'>
2020-11-05 20:40:59 - scrape.create_invoices - INFO - line 3: 638713:2:2020-11-05
2020-11-05 20:40:59 - scrape.create_invoices - INFO - line 1: 638713:2:2020-11-05
2020-11-05 20:40:59 - scrape.create_invoices - INFO - line 2: 638713:2:2020-11-05
2020-11-05 20:40:59 - scrape.create_invoices - INFO - line 2: <class 'float'>
2020-11-05 20:40:59 - scrape.create_invoices - INFO - line 3: 638713:2:2020-11-05
2020-11-05 20:40:59 - scrape.create_invoices - INFO - product_indexes=[1, 0]
2020-11-05 20:40:59 - scrape.create_invoices - INFO - line 1: 767027:2:2020-11-04
2020-11-05 20:40:59 - scrape.create_invoices - INFO - line 2: 767027:2:2020-11-04
2020-11-05 20:40:59 - scrape.create_invoices - INFO - line 2: <class 'float'>
2020-11-05 20:40:59 - scrape.create_invoices - INFO - line 3: 767027:2:2020-11-04
2020-11-05 20:40:59 - scrape.create_invoices - INFO - line 1: 767027:2:2020-11-04
2020-11-05 20:40:59 - scrape.create_invoices - INFO - line 2: 767027:2:2020-11-04
2020-11-05 20:40:59 - scrape.create_invoices - INFO - line 2: <class 'float'>
2020-11-05 20:40:59 - scrape.create_invoices - INFO - line 3: 767027:2:2020-11-04
2020-11-05 20:40:59 - scrape.create_invoices - INFO - product_indexes=[1, 0]
2020-11-05 20:40:59 - scrape.create_invoices - INFO - line 1: 429071:2:2020-11-03
2020-11-05 20:40:59 - scrape.create_invoices - INFO - line 2: 429071:2:2020-11-03
2020-11-05 20:40:59 - scrape.create_invoices - INFO - line 2: <class 'float'>
2020-11-05 20:40:59 - scrape.create_invoices - INFO - line 3: 429071:2:2020-11-03
2020-11-05 20:40:59 - scrape.create_invoices - INFO - line 1: 429071:2:2020-11-03
2020-11-05 20:40:59 - scrape.create_invoices - INFO - line 2: 429071:2:2020-11-03
2020-11-05 20:40:59 - scrape.create_invoices - INFO - line 2: <class 'float'>
2020-11-05 20:40:59 - scrape.create_invoices - INFO - line 3: 429071:2:2020-11-03
2020-11-05 20:40:59 - scrape.create_invoices - INFO - product_indexes=[1, 0]
2020-11-05 20:40:59 - scrape.create_invoices - INFO - line 1: 922570:2:2020-11-02
2020-11-05 20:40:59 - scrape.create_invoices - INFO - line 2: 922570:2:2020-11-02
2020-11-05 20:40:59 - scrape.create_invoices - INFO - line 2: <class 'float'>
2020-11-05 20:40:59 - scrape.create_invoices - INFO - line 3: 922570:2:2020-11-02
2020-11-05 20:40:59 - scrape.create_invoices - INFO - line 1: 922570:2:2020-11-02
2020-11-05 20:40:59 - scrape.create_invoices - INFO - line 2: 922570:2:2020-11-02
2020-11-05 20:40:59 - scrape.create_invoices - INFO - line 2: <class 'float'>
2020-11-05 20:40:59 - scrape.create_invoices - INFO - line 3: 922570:2:2020-11-02
2020-11-05 20:40:59 - scrape.create_invoices - INFO - product_indexes=[0, 1]
2020-11-05 20:40:59 - scrape.create_invoices - INFO - line 1: 620263:2:2020-11-01
2020-11-05 20:40:59 - scrape.create_invoices - INFO - line 2: 620263:2:2020-11-01
2020-11-05 20:40:59 - scrape.create_invoices - INFO - line 2: <class 'float'>
2020-11-05 20:40:59 - scrape.create_invoices - INFO - line 3: 620263:2:2020-11-01
2020-11-05 20:40:59 - scrape.create_invoices - INFO - line 1: 620263:2:2020-11-01
2020-11-05 20:40:59 - scrape.create_invoices - INFO - line 2: 620263:2:2020-11-01
2020-11-05 20:40:59 - scrape.create_invoices - INFO - line 2: <class 'float'>
2020-11-05 20:40:59 - scrape.create_invoices - INFO - line 3: 620263:2:2020-11-01
2020-11-05 20:40:59 - scrape.create_invoices - INFO - product_indexes=[1, 0]
2020-11-05 20:40:59 - scrape.create_invoices - INFO - line 1: 994816:2:2020-10-31
2020-11-05 20:40:59 - scrape.create_invoices - INFO - line 2: 994816:2:2020-10-31
2020-11-05 20:40:59 - scrape.create_invoices - INFO - line 2: <class 'float'>
2020-11-05 20:40:59 - scrape.create_invoices - INFO - line 3: 994816:2:2020-10-31
2020-11-05 20:40:59 - scrape.create_invoices - INFO - line 1: 994816:2:2020-10-31
2020-11-05 20:40:59 - scrape.create_invoices - INFO - line 2: 994816:2:2020-10-31
2020-11-05 20:40:59 - scrape.create_invoices - INFO - line 2: <class 'float'>
2020-11-05 20:40:59 - scrape.create_invoices - INFO - line 3: 994816:2:2020-10-31
2020-11-05 20:40:59 - scrape.create_invoices - INFO - product_indexes=[1, 0]
2020-11-05 20:40:59 - scrape.create_invoices - INFO - line 1: 857281:2:2020-10-30
2020-11-05 20:40:59 - scrape.create_invoices - INFO - line 2: 857281:2:2020-10-30
2020-11-05 20:40:59 - scrape.create_invoices - INFO - line 2: <class 'float'>
2020-11-05 20:40:59 - scrape.create_invoices - INFO - line 3: 857281:2:2020-10-30
2020-11-05 20:40:59 - scrape.create_invoices - INFO - line 1: 857281:2:2020-10-30
2020-11-05 20:40:59 - scrape.create_invoices - INFO - line 2: 857281:2:2020-10-30
2020-11-05 20:40:59 - scrape.create_invoices - INFO - line 2: <class 'float'>
2020-11-05 20:40:59 - scrape.create_invoices - INFO - line 3: 857281:2:2020-10-30
2020-11-05 20:40:59 - scrape.create_invoices - INFO - product_indexes=[1, 0]
2020-11-05 20:40:59 - scrape.create_invoices - INFO - line 1: 596036:2:2020-10-29
2020-11-05 20:40:59 - scrape.create_invoices - INFO - line 2: 596036:2:2020-10-29
2020-11-05 20:40:59 - scrape.create_invoices - INFO - line 2: <class 'float'>
2020-11-05 20:40:59 - scrape.create_invoices - INFO - line 3: 596036:2:2020-10-29
2020-11-05 20:40:59 - scrape.create_invoices - INFO - line 1: 596036:2:2020-10-29
2020-11-05 20:40:59 - scrape.create_invoices - INFO - line 2: 596036:2:2020-10-29
2020-11-05 20:40:59 - scrape.create_invoices - INFO - line 2: <class 'float'>
2020-11-05 20:40:59 - scrape.create_invoices - INFO - line 3: 596036:2:2020-10-29
2020-11-05 20:40:59 - scrape.create_invoices - INFO - product_indexes=[1, 0]
2020-11-05 20:40:59 - scrape.create_invoices - INFO - line 1: 839869:2:2020-10-28
2020-11-05 20:40:59 - scrape.create_invoices - INFO - line 2: 839869:2:2020-10-28
2020-11-05 20:40:59 - scrape.create_invoices - INFO - line 2: <class 'float'>
2020-11-05 20:40:59 - scrape.create_invoices - INFO - line 3: 839869:2:2020-10-28
2020-11-05 20:40:59 - scrape.create_invoices - INFO - line 1: 839869:2:2020-10-28
2020-11-05 20:40:59 - scrape.create_invoices - INFO - line 2: 839869:2:2020-10-28
2020-11-05 20:40:59 - scrape.create_invoices - INFO - line 2: <class 'float'>
2020-11-05 20:40:59 - scrape.create_invoices - INFO - line 3: 839869:2:2020-10-28
2020-11-05 20:40:59 - scrape.create_invoices - INFO - product_indexes=[0, 1]
2020-11-05 20:40:59 - scrape.create_invoices - INFO - line 1: 991571:2:2020-10-27
2020-11-05 20:40:59 - scrape.create_invoices - INFO - line 2: 991571:2:2020-10-27
2020-11-05 20:40:59 - scrape.create_invoices - INFO - line 2: <class 'float'>
2020-11-05 20:40:59 - scrape.create_invoices - INFO - line 3: 991571:2:2020-10-27
2020-11-05 20:40:59 - scrape.create_invoices - INFO - line 1: 991571:2:2020-10-27
2020-11-05 20:40:59 - scrape.create_invoices - INFO - line 2: 991571:2:2020-10-27
2020-11-05 20:40:59 - scrape.create_invoices - INFO - line 2: <class 'float'>
2020-11-05 20:40:59 - scrape.create_invoices - INFO - line 3: 991571:2:2020-10-27
2020-11-05 20:40:59 - scrape.create_invoices - INFO - product_indexes=[0, 1]
2020-11-05 20:40:59 - scrape.create_invoices - INFO - line 1: 473549:2:2020-10-26
2020-11-05 20:40:59 - scrape.create_invoices - INFO - line 2: 473549:2:2020-10-26
2020-11-05 20:40:59 - scrape.create_invoices - INFO - line 2: <class 'float'>
2020-11-05 20:40:59 - scrape.create_invoices - INFO - line 3: 473549:2:2020-10-26
2020-11-05 20:40:59 - scrape.create_invoices - INFO - line 1: 473549:2:2020-10-26
2020-11-05 20:40:59 - scrape.create_invoices - INFO - line 2: 473549:2:2020-10-26
2020-11-05 20:40:59 - scrape.create_invoices - INFO - line 2: <class 'float'>
2020-11-05 20:40:59 - scrape.create_invoices - INFO - line 3: 473549:2:2020-10-26
2020-11-05 20:40:59 - scrape.create_invoices - INFO - product_indexes=[0, 1]
2020-11-05 20:40:59 - scrape.create_invoices - INFO - line 1: 427229:2:2020-10-25
2020-11-05 20:40:59 - scrape.create_invoices - INFO - line 2: 427229:2:2020-10-25
2020-11-05 20:40:59 - scrape.create_invoices - INFO - line 2: <class 'float'>
2020-11-05 20:40:59 - scrape.create_invoices - INFO - line 3: 427229:2:2020-10-25
2020-11-05 20:40:59 - scrape.create_invoices - INFO - line 1: 427229:2:2020-10-25
2020-11-05 20:40:59 - scrape.create_invoices - INFO - line 2: 427229:2:2020-10-25
2020-11-05 20:40:59 - scrape.create_invoices - INFO - line 2: <class 'float'>
2020-11-05 20:40:59 - scrape.create_invoices - INFO - line 3: 427229:2:2020-10-25
2020-11-05 20:40:59 - scrape.create_invoices - INFO - product_indexes=[1, 0]
2020-11-05 20:40:59 - scrape.create_invoices - INFO - line 1: 72820:2:2020-10-24
2020-11-05 20:40:59 - scrape.create_invoices - INFO - line 2: 72820:2:2020-10-24
2020-11-05 20:40:59 - scrape.create_invoices - INFO - line 2: <class 'float'>
2020-11-05 20:40:59 - scrape.create_invoices - INFO - line 3: 72820:2:2020-10-24
2020-11-05 20:40:59 - scrape.create_invoices - INFO - line 1: 72820:2:2020-10-24
2020-11-05 20:40:59 - scrape.create_invoices - INFO - line 2: 72820:2:2020-10-24
2020-11-05 20:40:59 - scrape.create_invoices - INFO - line 2: <class 'float'>
2020-11-05 20:40:59 - scrape.create_invoices - INFO - line 3: 72820:2:2020-10-24
2020-11-05 20:40:59 - scrape.create_invoices - INFO - product_indexes=[1, 0]
2020-11-05 20:40:59 - scrape.create_invoices - INFO - line 1: 270880:2:2020-10-23
2020-11-05 20:40:59 - scrape.create_invoices - INFO - line 2: 270880:2:2020-10-23
2020-11-05 20:40:59 - scrape.create_invoices - INFO - line 2: <class 'float'>
2020-11-05 20:40:59 - scrape.create_invoices - INFO - line 3: 270880:2:2020-10-23
2020-11-05 20:40:59 - scrape.create_invoices - INFO - line 1: 270880:2:2020-10-23
2020-11-05 20:40:59 - scrape.create_invoices - INFO - line 2: 270880:2:2020-10-23
2020-11-05 20:40:59 - scrape.create_invoices - INFO - line 2: <class 'float'>
2020-11-05 20:40:59 - scrape.create_invoices - INFO - line 3: 270880:2:2020-10-23
2020-11-05 20:40:59 - scrape.create_invoices - INFO - product_indexes=[0, 1]
2020-11-05 20:40:59 - scrape.create_invoices - INFO - line 1: 387123:2:2020-10-22
2020-11-05 20:40:59 - scrape.create_invoices - INFO - line 2: 387123:2:2020-10-22
2020-11-05 20:40:59 - scrape.create_invoices - INFO - line 2: <class 'float'>
2020-11-05 20:40:59 - scrape.create_invoices - INFO - line 3: 387123:2:2020-10-22
2020-11-05 20:40:59 - scrape.create_invoices - INFO - line 1: 387123:2:2020-10-22
2020-11-05 20:40:59 - scrape.create_invoices - INFO - line 2: 387123:2:2020-10-22
2020-11-05 20:40:59 - scrape.create_invoices - INFO - line 2: <class 'float'>
2020-11-05 20:40:59 - scrape.create_invoices - INFO - line 3: 387123:2:2020-10-22
2020-11-05 20:40:59 - scrape.create_invoices - INFO - product_indexes=[0, 1]
2020-11-05 20:40:59 - scrape.create_invoices - INFO - line 1: 397792:2:2020-10-21
2020-11-05 20:40:59 - scrape.create_invoices - INFO - line 2: 397792:2:2020-10-21
2020-11-05 20:40:59 - scrape.create_invoices - INFO - line 2: <class 'float'>
2020-11-05 20:40:59 - scrape.create_invoices - INFO - line 3: 397792:2:2020-10-21
2020-11-05 20:40:59 - scrape.create_invoices - INFO - line 1: 397792:2:2020-10-21
2020-11-05 20:40:59 - scrape.create_invoices - INFO - line 2: 397792:2:2020-10-21
2020-11-05 20:40:59 - scrape.create_invoices - INFO - line 2: <class 'float'>
2020-11-05 20:40:59 - scrape.create_invoices - INFO - line 3: 397792:2:2020-10-21
2020-11-05 20:40:59 - scrape.create_invoices - INFO - product_indexes=[0, 1]
2020-11-05 20:40:59 - scrape.create_invoices - INFO - line 1: 877024:2:2020-10-20
2020-11-05 20:40:59 - scrape.create_invoices - INFO - line 2: 877024:2:2020-10-20
2020-11-05 20:40:59 - scrape.create_invoices - INFO - line 2: <class 'float'>
2020-11-05 20:40:59 - scrape.create_invoices - INFO - line 3: 877024:2:2020-10-20
2020-11-05 20:40:59 - scrape.create_invoices - INFO - line 1: 877024:2:2020-10-20
2020-11-05 20:40:59 - scrape.create_invoices - INFO - line 2: 877024:2:2020-10-20
2020-11-05 20:40:59 - scrape.create_invoices - INFO - line 2: <class 'float'>
2020-11-05 20:40:59 - scrape.create_invoices - INFO - line 3: 877024:2:2020-10-20
2020-11-05 20:40:59 - scrape.create_invoices - INFO - product_indexes=[0, 1]
2020-11-05 20:40:59 - scrape.create_invoices - INFO - line 1: 385488:2:2020-10-19
2020-11-05 20:40:59 - scrape.create_invoices - INFO - line 2: 385488:2:2020-10-19
2020-11-05 20:40:59 - scrape.create_invoices - INFO - line 2: <class 'float'>
2020-11-05 20:40:59 - scrape.create_invoices - INFO - line 3: 385488:2:2020-10-19
2020-11-05 20:40:59 - scrape.create_invoices - INFO - line 1: 385488:2:2020-10-19
2020-11-05 20:40:59 - scrape.create_invoices - INFO - line 2: 385488:2:2020-10-19
2020-11-05 20:40:59 - scrape.create_invoices - INFO - line 2: <class 'float'>
2020-11-05 20:40:59 - scrape.create_invoices - INFO - line 3: 385488:2:2020-10-19
2020-11-05 20:40:59 - scrape.create_invoices - INFO - product_indexes=[0, 1]
2020-11-05 20:40:59 - scrape.create_invoices - INFO - line 1: 372132:2:2020-10-18
2020-11-05 20:40:59 - scrape.create_invoices - INFO - line 2: 372132:2:2020-10-18
2020-11-05 20:40:59 - scrape.create_invoices - INFO - line 2: <class 'float'>
2020-11-05 20:40:59 - scrape.create_invoices - INFO - line 3: 372132:2:2020-10-18
2020-11-05 20:40:59 - scrape.create_invoices - INFO - line 1: 372132:2:2020-10-18
2020-11-05 20:40:59 - scrape.create_invoices - INFO - line 2: 372132:2:2020-10-18
2020-11-05 20:40:59 - scrape.create_invoices - INFO - line 2: <class 'float'>
2020-11-05 20:40:59 - scrape.create_invoices - INFO - line 3: 372132:2:2020-10-18
2020-11-05 20:40:59 - scrape.create_invoices - INFO - product_indexes=[0, 1]
2020-11-05 20:40:59 - scrape.create_invoices - INFO - line 1: 510861:2:2020-10-17
2020-11-05 20:40:59 - scrape.create_invoices - INFO - line 2: 510861:2:2020-10-17
2020-11-05 20:40:59 - scrape.create_invoices - INFO - line 2: <class 'float'>
2020-11-05 20:40:59 - scrape.create_invoices - INFO - line 3: 510861:2:2020-10-17
2020-11-05 20:40:59 - scrape.create_invoices - INFO - line 1: 510861:2:2020-10-17
2020-11-05 20:40:59 - scrape.create_invoices - INFO - line 2: 510861:2:2020-10-17
2020-11-05 20:40:59 - scrape.create_invoices - INFO - line 2: <class 'float'>
2020-11-05 20:40:59 - scrape.create_invoices - INFO - line 3: 510861:2:2020-10-17
2020-11-05 20:40:59 - scrape - INFO - log_remove_handlers: Removing all existing log handlers
